<?xml version="1.0" encoding="UTF-8"?>
<testsuite xmlns:xsi="http://www.w3.org/2001/XMLSchema-instance" xsi:noNamespaceSchemaLocation="https://maven.apache.org/surefire/maven-surefire-plugin/xsd/surefire-test-report.xsd" name="RunCucumberTests" time="3.275" tests="1" errors="0" skipped="1" failures="0">
  <properties>
[...]
</properties>
  <testcase name="runScenario" classname="RunCucumberTests" time="0">
    <skipped message="io.cucumber.core.gherkin.FeatureParserException: Failed to parse resource at: file:///Users/rajbazar/demoapp-qa/src/test/features/mypage.feature"/>
    <system-err><![CDATA[Apr 21, 2020 9:37:15 AM io.cucumber.core.options.CucumberPropertiesParser parse
WARNING: Passing commandline options via the property `cucumber.options` has been deprecatedin favour of explicitly using property names.
Please use these instead: [cucumber.ansi-colors.disabled, cucumber.execution.dry-run, cucumber.execution.limit, cucumber.execution.order, cucumber.execution.strict, cucumber.execution.wip, cucumber.features, cucumber.filter.name, cucumber.filter.tags, cucumber.glue, cucumber.object-factory, cucumber.plugin, cucumber.snippet-type]
[Utils] [ERROR] [Error] io.cucumber.core.gherkin.FeatureParserException: Failed to parse resource at: file:///Users/rajbazar/demoapp-qa/src/test/features/mypage.feature
	at io.cucumber.core.gherkin.vintage.GherkinVintageFeatureParser.parseGherkin5(GherkinVintageFeatureParser.java:40)
	at io.cucumber.core.gherkin.vintage.GherkinVintageFeatureParser.parse(GherkinVintageFeatureParser.java:58)
	at io.cucumber.core.feature.FeatureParser.parseResource(FeatureParser.java:44)
	at java.base/java.util.function.BiFunction.lambda$andThen$0(BiFunction.java:70)
	at io.cucumber.core.resource.ResourceScanner.lambda$processResource$2(ResourceScanner.java:126)
	at io.cucumber.core.resource.PathScanner$ResourceFileVisitor.visitFile(PathScanner.java:67)
	at io.cucumber.core.resource.PathScanner$ResourceFileVisitor.visitFile(PathScanner.java:52)
	at java.base/java.nio.file.Files.walkFileTree(Files.java:2716)
	at java.base/java.nio.file.Files.walkFileTree(Files.java:2788)
	at io.cucumber.core.resource.PathScanner.findResourcesForPath(PathScanner.java:46)
	at io.cucumber.core.resource.PathScanner.findResourcesForUri(PathScanner.java:26)
	at io.cucumber.core.resource.ResourceScanner.findResourcesForUri(ResourceScanner.java:109)
	at io.cucumber.core.resource.ResourceScanner.scanForResourcesUri(ResourceScanner.java:86)
	at io.cucumber.core.runtime.FeaturePathFeatureSupplier.loadFeatures(FeaturePathFeatureSupplier.java:61)
	at io.cucumber.core.runtime.FeaturePathFeatureSupplier.get(FeaturePathFeatureSupplier.java:45)
	at io.cucumber.testng.TestNGCucumberRunner.getFeatures(TestNGCucumberRunner.java:157)
	at io.cucumber.testng.TestNGCucumberRunner.provideScenarios(TestNGCucumberRunner.java:135)
	at io.cucumber.testng.AbstractTestNGCucumberTests.scenarios(AbstractTestNGCucumberTests.java:43)
	at java.base/jdk.internal.reflect.NativeMethodAccessorImpl.invoke0(Native Method)
	at java.base/jdk.internal.reflect.NativeMethodAccessorImpl.invoke(NativeMethodAccessorImpl.java:62)
	at java.base/jdk.internal.reflect.DelegatingMethodAccessorImpl.invoke(DelegatingMethodAccessorImpl.java:43)
	at java.base/java.lang.reflect.Method.invoke(Method.java:564)
	at org.testng.internal.MethodInvocationHelper.invokeMethod(MethodInvocationHelper.java:134)
	at org.testng.internal.MethodInvocationHelper.invokeMethod(MethodInvocationHelper.java:78)
	at org.testng.internal.MethodInvocationHelper.invokeMethodNoCheckedException(MethodInvocationHelper.java:47)
	at org.testng.internal.MethodInvocationHelper.invokeDataProvider(MethodInvocationHelper.java:147)
	at org.testng.internal.Parameters.handleParameters(Parameters.java:801)
	at org.testng.internal.Parameters.handleParameters(Parameters.java:744)
	at org.testng.internal.ParameterHandler.handleParameters(ParameterHandler.java:59)
	at org.testng.internal.ParameterHandler.createParameters(ParameterHandler.java:38)
	at org.testng.internal.TestInvoker$MethodInvocationAgent.invoke(TestInvoker.java:783)
	at org.testng.internal.TestInvoker.invokeTestMethods(TestInvoker.java:146)
	at org.testng.internal.TestMethodWorker.invokeTestMethods(TestMethodWorker.java:146)
	at org.testng.internal.TestMethodWorker.run(TestMethodWorker.java:128)
	at java.base/java.util.ArrayList.forEach(ArrayList.java:1378)
	at org.testng.TestRunner.privateRun(TestRunner.java:766)
	at org.testng.TestRunner.run(TestRunner.java:587)
	at org.testng.SuiteRunner.runTest(SuiteRunner.java:384)
	at org.testng.SuiteRunner.runSequentially(SuiteRunner.java:378)
	at org.testng.SuiteRunner.privateRun(SuiteRunner.java:337)
	at org.testng.SuiteRunner.run(SuiteRunner.java:286)
	at org.testng.SuiteRunnerWorker.runSuite(SuiteRunnerWorker.java:53)
	at org.testng.SuiteRunnerWorker.run(SuiteRunnerWorker.java:96)
	at org.testng.TestNG.runSuitesSequentially(TestNG.java:1187)
	at org.testng.TestNG.runSuitesLocally(TestNG.java:1109)
	at org.testng.TestNG.runSuites(TestNG.java:1039)
	at org.testng.TestNG.run(TestNG.java:1007)
	at org.apache.maven.surefire.testng.TestNGExecutor.run(TestNGExecutor.java:135)
	at org.apache.maven.surefire.testng.TestNGDirectoryTestSuite.executeSingleClass(TestNGDirectoryTestSuite.java:112)
	at org.apache.maven.surefire.testng.TestNGDirectoryTestSuite.execute(TestNGDirectoryTestSuite.java:99)
	at org.apache.maven.surefire.testng.TestNGProvider.invoke(TestNGProvider.java:146)
	at org.apache.maven.surefire.booter.ForkedBooter.invokeProviderInSameClassLoader(ForkedBooter.java:386)
	at org.apache.maven.surefire.booter.ForkedBooter.runSuitesInProcess(ForkedBooter.java:323)
	at org.apache.maven.surefire.booter.ForkedBooter.main(ForkedBooter.java:143)
Caused by: io.cucumber.core.gherkin.vintage.internal.gherkin.ParserException$CompositeParserException: Parser errors:
(1:1): expected: #EOF, #Language, #TagLine, #FeatureLine, #Comment, #Empty, got &apos;//Feature: My Page&apos;
(3:3): expected: #EOF, #Language, #TagLine, #FeatureLine, #Comment, #Empty, got &apos;//Scenario: On My Page adjust base tariff&apos;
(4:5): expected: #EOF, #Language, #TagLine, #FeatureLine, #Comment, #Empty, got &apos;//Given App is installed and launched and user logged in&apos;
(5:5): expected: #EOF, #Language, #TagLine, #FeatureLine, #Comment, #Empty, got &apos;//When User on My page screen&apos;
(6:1): expected: #EOF, #Language, #TagLine, #FeatureLine, #Comment, #Empty, got &apos;//    Then User adjust the base tariff as Data &quot;5120&quot; SMS &quot;300&quot; VOICE &quot;300&quot;&apos;
(8:2): expected: #EOF, #Language, #TagLine, #FeatureLine, #Comment, #Empty, got &apos;// @RunTag&apos;
(9:3): expected: #EOF, #Language, #TagLine, #FeatureLine, #Comment, #Empty, got &apos;//Scenario:  User Choose to Top Up Tariff bundle&apos;
(10:4): expected: #EOF, #Language, #TagLine, #FeatureLine, #Comment, #Empty, got &apos;// Given App is installed and launched and user logged in&apos;
(11:5): expected: #EOF, #Language, #TagLine, #FeatureLine, #Comment, #Empty, got &apos;//When User on My page screen&apos;
(12:5): expected: #EOF, #Language, #TagLine, #FeatureLine, #Comment, #Empty, got &apos;//Then User choose to Top Up Tariff Bundle as Data &quot;200&quot; SMS &quot;500&quot; VOICE &quot;500&quot;&apos;
	at io.cucumber.core.gherkin.vintage.internal.gherkin.Parser.parse(Parser.java:143)
	at io.cucumber.core.gherkin.vintage.internal.gherkin.Parser.parse(Parser.java:118)
	at io.cucumber.core.gherkin.vintage.internal.gherkin.Parser.parse(Parser.java:114)
	at io.cucumber.core.gherkin.vintage.GherkinVintageFeatureParser.parseGherkin5(GherkinVintageFeatureParser.java:29)
	... 53 more

]]></system-err>
  </testcase>
</testsuite>