{"name":"Login with valid user","status":"broken","statusDetails":{"known":false,"muted":false,"flaky":false,"message":"androidx.test.uiautomator.StaleObjectException\nFor documentation on this error, please visit: https://www.seleniumhq.org/exceptions/stale_element_reference.html\nBuild info: version: '3.141.59', revision: 'e82be7d358', time: '2018-11-14T08:17:03'\nSystem info: host: 'rajs-matrixx', ip: 'fe80:0:0:0:1453:ae30:43e:eb89%en0', os.name: 'Mac OS X', os.arch: 'x86_64', os.version: '10.15.4', java.version: '10.0.1'\nDriver info: io.appium.java_client.android.AndroidDriver\nCapabilities {allowTestPackages: true, app: /Users/rajbazar/demoapp-qa/..., appActivity: .activity.SplashActivity, appPackage: com.matrixx.android, autoGrantPermissions: true, automationName: UiAutomator2, avd: Pixel_3a_API_28, databaseEnabled: false, desired: {allowTestPackages: true, app: /Users/rajbazar/demoapp-qa/..., appActivity: .activity.SplashActivity, appPackage: com.matrixx.android, autoGrantPermissions: true, automationName: UiAutomator2, avd: Pixel_3a_API_28, deviceName: Android Emulator, platformName: android}, deviceApiLevel: 28, deviceManufacturer: Google, deviceModel: Android SDK built for x86, deviceName: emulator-5554, deviceScreenDensity: 440, deviceScreenSize: 1080x2220, deviceUDID: emulator-5554, javascriptEnabled: true, locationContextEnabled: false, networkConnectionEnabled: true, pixelRatio: 2.75, platform: LINUX, platformName: Android, platformVersion: 9, statBarHeight: 66, takesScreenshot: true, viewportRect: {height: 2022, left: 0, top: 66, width: 1080}, warnings: {}, webStorageEnabled: false}\nSession ID: f6c915e1-f0fa-4238-b497-21c03d1d3797","trace":"org.openqa.selenium.StaleElementReferenceException: androidx.test.uiautomator.StaleObjectException\nFor documentation on this error, please visit: https://www.seleniumhq.org/exceptions/stale_element_reference.html\nBuild info: version: '3.141.59', revision: 'e82be7d358', time: '2018-11-14T08:17:03'\nSystem info: host: 'rajs-matrixx', ip: 'fe80:0:0:0:1453:ae30:43e:eb89%en0', os.name: 'Mac OS X', os.arch: 'x86_64', os.version: '10.15.4', java.version: '10.0.1'\nDriver info: io.appium.java_client.android.AndroidDriver\nCapabilities {allowTestPackages: true, app: /Users/rajbazar/demoapp-qa/..., appActivity: .activity.SplashActivity, appPackage: com.matrixx.android, autoGrantPermissions: true, automationName: UiAutomator2, avd: Pixel_3a_API_28, databaseEnabled: false, desired: {allowTestPackages: true, app: /Users/rajbazar/demoapp-qa/..., appActivity: .activity.SplashActivity, appPackage: com.matrixx.android, autoGrantPermissions: true, automationName: UiAutomator2, avd: Pixel_3a_API_28, deviceName: Android Emulator, platformName: android}, deviceApiLevel: 28, deviceManufacturer: Google, deviceModel: Android SDK built for x86, deviceName: emulator-5554, deviceScreenDensity: 440, deviceScreenSize: 1080x2220, deviceUDID: emulator-5554, javascriptEnabled: true, locationContextEnabled: false, networkConnectionEnabled: true, pixelRatio: 2.75, platform: LINUX, platformName: Android, platformVersion: 9, statBarHeight: 66, takesScreenshot: true, viewportRect: {height: 2022, left: 0, top: 66, width: 1080}, warnings: {}, webStorageEnabled: false}\nSession ID: f6c915e1-f0fa-4238-b497-21c03d1d3797\n\tat java.base/jdk.internal.reflect.NativeConstructorAccessorImpl.newInstance0(Native Method)\n\tat java.base/jdk.internal.reflect.NativeConstructorAccessorImpl.newInstance(NativeConstructorAccessorImpl.java:62)\n\tat java.base/jdk.internal.reflect.DelegatingConstructorAccessorImpl.newInstance(DelegatingConstructorAccessorImpl.java:45)\n\tat java.base/java.lang.reflect.Constructor.newInstance(Constructor.java:488)\n\tat org.openqa.selenium.remote.http.W3CHttpResponseCodec.createException(W3CHttpResponseCodec.java:187)\n\tat org.openqa.selenium.remote.http.W3CHttpResponseCodec.decode(W3CHttpResponseCodec.java:122)\n\tat org.openqa.selenium.remote.http.W3CHttpResponseCodec.decode(W3CHttpResponseCodec.java:49)\n\tat org.openqa.selenium.remote.HttpCommandExecutor.execute(HttpCommandExecutor.java:158)\n\tat io.appium.java_client.remote.AppiumCommandExecutor.execute(AppiumCommandExecutor.java:239)\n\tat org.openqa.selenium.remote.RemoteWebDriver.execute(RemoteWebDriver.java:552)\n\tat io.appium.java_client.DefaultGenericMobileDriver.execute(DefaultGenericMobileDriver.java:41)\n\tat io.appium.java_client.AppiumDriver.execute(AppiumDriver.java:1)\n\tat io.appium.java_client.android.AndroidDriver.execute(AndroidDriver.java:1)\n\tat org.openqa.selenium.remote.RemoteWebElement.execute(RemoteWebElement.java:285)\n\tat io.appium.java_client.DefaultGenericMobileElement.execute(DefaultGenericMobileElement.java:45)\n\tat io.appium.java_client.MobileElement.execute(MobileElement.java:1)\n\tat io.appium.java_client.android.AndroidElement.execute(AndroidElement.java:1)\n\tat org.openqa.selenium.remote.RemoteWebElement.isDisplayed(RemoteWebElement.java:326)\n\tat jdk.internal.reflect.GeneratedMethodAccessor5.invoke(Unknown Source)\n\tat java.base/jdk.internal.reflect.DelegatingMethodAccessorImpl.invoke(DelegatingMethodAccessorImpl.java:43)\n\tat java.base/java.lang.reflect.Method.invoke(Method.java:564)\n\tat io.appium.java_client.pagefactory.ElementInterceptor.getObject(ElementInterceptor.java:40)\n\tat io.appium.java_client.pagefactory.interceptors.InterceptorOfASingleElement.intercept(InterceptorOfASingleElement.java:60)\n\tat io.appium.java_client.android.AndroidElement$$EnhancerByCGLIB$$b598166c.isDisplayed(<generated>)\n\tat org.openqa.selenium.support.ui.ExpectedConditions.elementIfVisible(ExpectedConditions.java:314)\n\tat org.openqa.selenium.support.ui.ExpectedConditions.access$000(ExpectedConditions.java:43)\n\tat org.openqa.selenium.support.ui.ExpectedConditions$10.apply(ExpectedConditions.java:300)\n\tat org.openqa.selenium.support.ui.ExpectedConditions$10.apply(ExpectedConditions.java:297)\n\tat org.openqa.selenium.support.ui.ExpectedConditions$23.apply(ExpectedConditions.java:670)\n\tat org.openqa.selenium.support.ui.ExpectedConditions$23.apply(ExpectedConditions.java:666)\n\tat org.openqa.selenium.support.ui.FluentWait.until(FluentWait.java:249)\n\tat stepdefs.screens.MyPageScreen.logout(MyPageScreen.java:72)\n\tat stepdefs.LoginSteps.user_login_valid_id(LoginSteps.java:100)\n\tat ✽.User logs in with correct credentials(file:///Users/rajbazar/demoapp-qa/src/test/features/login.feature:12)\n"},"stage":"finished","steps":[{"name":"Given  App is installed and launched and user logged out","status":"passed","statusDetails":{"known":false,"muted":false,"flaky":false},"stage":"finished","steps":[{"name":"acceptTCAndSignup","status":"passed","stage":"finished","steps":[],"attachments":[],"parameters":[],"start":1587093271269,"stop":1587093273846},{"name":"skipTour","status":"passed","stage":"finished","steps":[],"attachments":[],"parameters":[],"start":1587093273846,"stop":1587093275989},{"name":"select2GBDataAndSave","status":"passed","stage":"finished","steps":[],"attachments":[],"parameters":[],"start":1587093275989,"stop":1587093279410},{"name":"completeSurvey","status":"passed","stage":"finished","steps":[],"attachments":[],"parameters":[],"start":1587093280841,"stop":1587093283620},{"name":"continueActivation","status":"passed","stage":"finished","steps":[],"attachments":[],"parameters":[],"start":1587093285404,"stop":1587093286049},{"name":"inputPhoneNumberAndContinue","status":"passed","stage":"finished","steps":[],"attachments":[],"parameters":[],"start":1587093286049,"stop":1587093288736},{"name":"useDummySmsCode","status":"passed","stage":"finished","steps":[],"attachments":[],"parameters":[],"start":1587093288736,"stop":1587093291670},{"name":"registerDummySubscriber","status":"passed","stage":"finished","steps":[],"attachments":[],"parameters":[],"start":1587093291670,"stop":1587093295733},{"name":"selectVoucher","status":"passed","stage":"finished","steps":[],"attachments":[],"parameters":[],"start":1587093295734,"stop":1587093298060},{"name":"topup","status":"passed","stage":"finished","steps":[],"attachments":[],"parameters":[],"start":1587093298061,"stop":1587093298837},{"name":"topUpUsingDummyVoucher","status":"passed","stage":"finished","steps":[],"attachments":[],"parameters":[],"start":1587093298838,"stop":1587093300116},{"name":"topup","status":"passed","stage":"finished","steps":[],"attachments":[],"parameters":[],"start":1587093300117,"stop":1587093301998},{"name":"continueToMyPage","status":"passed","stage":"finished","steps":[],"attachments":[],"parameters":[],"start":1587093301998,"stop":1587093304099},{"name":"logout","status":"passed","stage":"finished","steps":[],"attachments":[],"parameters":[],"start":1587093304099,"stop":1587093310675}],"attachments":[],"parameters":[],"start":1587093271244,"stop":1587093310678},{"name":"When  User logs in with correct credentials","status":"broken","statusDetails":{"known":false,"muted":false,"flaky":false,"message":"androidx.test.uiautomator.StaleObjectException\nFor documentation on this error, please visit: https://www.seleniumhq.org/exceptions/stale_element_reference.html\nBuild info: version: '3.141.59', revision: 'e82be7d358', time: '2018-11-14T08:17:03'\nSystem info: host: 'rajs-matrixx', ip: 'fe80:0:0:0:1453:ae30:43e:eb89%en0', os.name: 'Mac OS X', os.arch: 'x86_64', os.version: '10.15.4', java.version: '10.0.1'\nDriver info: io.appium.java_client.android.AndroidDriver\nCapabilities {allowTestPackages: true, app: /Users/rajbazar/demoapp-qa/..., appActivity: .activity.SplashActivity, appPackage: com.matrixx.android, autoGrantPermissions: true, automationName: UiAutomator2, avd: Pixel_3a_API_28, databaseEnabled: false, desired: {allowTestPackages: true, app: /Users/rajbazar/demoapp-qa/..., appActivity: .activity.SplashActivity, appPackage: com.matrixx.android, autoGrantPermissions: true, automationName: UiAutomator2, avd: Pixel_3a_API_28, deviceName: Android Emulator, platformName: android}, deviceApiLevel: 28, deviceManufacturer: Google, deviceModel: Android SDK built for x86, deviceName: emulator-5554, deviceScreenDensity: 440, deviceScreenSize: 1080x2220, deviceUDID: emulator-5554, javascriptEnabled: true, locationContextEnabled: false, networkConnectionEnabled: true, pixelRatio: 2.75, platform: LINUX, platformName: Android, platformVersion: 9, statBarHeight: 66, takesScreenshot: true, viewportRect: {height: 2022, left: 0, top: 66, width: 1080}, warnings: {}, webStorageEnabled: false}\nSession ID: f6c915e1-f0fa-4238-b497-21c03d1d3797","trace":"org.openqa.selenium.StaleElementReferenceException: androidx.test.uiautomator.StaleObjectException\nFor documentation on this error, please visit: https://www.seleniumhq.org/exceptions/stale_element_reference.html\nBuild info: version: '3.141.59', revision: 'e82be7d358', time: '2018-11-14T08:17:03'\nSystem info: host: 'rajs-matrixx', ip: 'fe80:0:0:0:1453:ae30:43e:eb89%en0', os.name: 'Mac OS X', os.arch: 'x86_64', os.version: '10.15.4', java.version: '10.0.1'\nDriver info: io.appium.java_client.android.AndroidDriver\nCapabilities {allowTestPackages: true, app: /Users/rajbazar/demoapp-qa/..., appActivity: .activity.SplashActivity, appPackage: com.matrixx.android, autoGrantPermissions: true, automationName: UiAutomator2, avd: Pixel_3a_API_28, databaseEnabled: false, desired: {allowTestPackages: true, app: /Users/rajbazar/demoapp-qa/..., appActivity: .activity.SplashActivity, appPackage: com.matrixx.android, autoGrantPermissions: true, automationName: UiAutomator2, avd: Pixel_3a_API_28, deviceName: Android Emulator, platformName: android}, deviceApiLevel: 28, deviceManufacturer: Google, deviceModel: Android SDK built for x86, deviceName: emulator-5554, deviceScreenDensity: 440, deviceScreenSize: 1080x2220, deviceUDID: emulator-5554, javascriptEnabled: true, locationContextEnabled: false, networkConnectionEnabled: true, pixelRatio: 2.75, platform: LINUX, platformName: Android, platformVersion: 9, statBarHeight: 66, takesScreenshot: true, viewportRect: {height: 2022, left: 0, top: 66, width: 1080}, warnings: {}, webStorageEnabled: false}\nSession ID: f6c915e1-f0fa-4238-b497-21c03d1d3797\n\tat java.base/jdk.internal.reflect.NativeConstructorAccessorImpl.newInstance0(Native Method)\n\tat java.base/jdk.internal.reflect.NativeConstructorAccessorImpl.newInstance(NativeConstructorAccessorImpl.java:62)\n\tat java.base/jdk.internal.reflect.DelegatingConstructorAccessorImpl.newInstance(DelegatingConstructorAccessorImpl.java:45)\n\tat java.base/java.lang.reflect.Constructor.newInstance(Constructor.java:488)\n\tat org.openqa.selenium.remote.http.W3CHttpResponseCodec.createException(W3CHttpResponseCodec.java:187)\n\tat org.openqa.selenium.remote.http.W3CHttpResponseCodec.decode(W3CHttpResponseCodec.java:122)\n\tat org.openqa.selenium.remote.http.W3CHttpResponseCodec.decode(W3CHttpResponseCodec.java:49)\n\tat org.openqa.selenium.remote.HttpCommandExecutor.execute(HttpCommandExecutor.java:158)\n\tat io.appium.java_client.remote.AppiumCommandExecutor.execute(AppiumCommandExecutor.java:239)\n\tat org.openqa.selenium.remote.RemoteWebDriver.execute(RemoteWebDriver.java:552)\n\tat io.appium.java_client.DefaultGenericMobileDriver.execute(DefaultGenericMobileDriver.java:41)\n\tat io.appium.java_client.AppiumDriver.execute(AppiumDriver.java:1)\n\tat io.appium.java_client.android.AndroidDriver.execute(AndroidDriver.java:1)\n\tat org.openqa.selenium.remote.RemoteWebElement.execute(RemoteWebElement.java:285)\n\tat io.appium.java_client.DefaultGenericMobileElement.execute(DefaultGenericMobileElement.java:45)\n\tat io.appium.java_client.MobileElement.execute(MobileElement.java:1)\n\tat io.appium.java_client.android.AndroidElement.execute(AndroidElement.java:1)\n\tat org.openqa.selenium.remote.RemoteWebElement.isDisplayed(RemoteWebElement.java:326)\n\tat jdk.internal.reflect.GeneratedMethodAccessor5.invoke(Unknown Source)\n\tat java.base/jdk.internal.reflect.DelegatingMethodAccessorImpl.invoke(DelegatingMethodAccessorImpl.java:43)\n\tat java.base/java.lang.reflect.Method.invoke(Method.java:564)\n\tat io.appium.java_client.pagefactory.ElementInterceptor.getObject(ElementInterceptor.java:40)\n\tat io.appium.java_client.pagefactory.interceptors.InterceptorOfASingleElement.intercept(InterceptorOfASingleElement.java:60)\n\tat io.appium.java_client.android.AndroidElement$$EnhancerByCGLIB$$b598166c.isDisplayed(<generated>)\n\tat org.openqa.selenium.support.ui.ExpectedConditions.elementIfVisible(ExpectedConditions.java:314)\n\tat org.openqa.selenium.support.ui.ExpectedConditions.access$000(ExpectedConditions.java:43)\n\tat org.openqa.selenium.support.ui.ExpectedConditions$10.apply(ExpectedConditions.java:300)\n\tat org.openqa.selenium.support.ui.ExpectedConditions$10.apply(ExpectedConditions.java:297)\n\tat org.openqa.selenium.support.ui.ExpectedConditions$23.apply(ExpectedConditions.java:670)\n\tat org.openqa.selenium.support.ui.ExpectedConditions$23.apply(ExpectedConditions.java:666)\n\tat org.openqa.selenium.support.ui.FluentWait.until(FluentWait.java:249)\n\tat stepdefs.screens.MyPageScreen.logout(MyPageScreen.java:72)\n\tat stepdefs.LoginSteps.user_login_valid_id(LoginSteps.java:100)\n\tat ✽.User logs in with correct credentials(file:///Users/rajbazar/demoapp-qa/src/test/features/login.feature:12)\n"},"stage":"finished","steps":[{"name":"clickSignIN","status":"passed","stage":"finished","steps":[],"attachments":[],"parameters":[],"start":1587093310681,"stop":1587093315081},{"name":"enterValidLoginUserID","status":"passed","stage":"finished","steps":[],"attachments":[],"parameters":[],"start":1587093315081,"stop":1587093317726},{"name":"logout","status":"broken","statusDetails":{"known":false,"muted":false,"flaky":false,"message":"androidx.test.uiautomator.StaleObjectException\nFor documentation on this error, please visit: https://www.seleniumhq.org/exceptions/stale_element_reference.html\nBuild info: version: '3.141.59', revision: 'e82be7d358', time: '2018-11-14T08:17:03'\nSystem info: host: 'rajs-matrixx', ip: 'fe80:0:0:0:1453:ae30:43e:eb89%en0', os.name: 'Mac OS X', os.arch: 'x86_64', os.version: '10.15.4', java.version: '10.0.1'\nDriver info: io.appium.java_client.android.AndroidDriver\nCapabilities {allowTestPackages: true, app: /Users/rajbazar/demoapp-qa/..., appActivity: .activity.SplashActivity, appPackage: com.matrixx.android, autoGrantPermissions: true, automationName: UiAutomator2, avd: Pixel_3a_API_28, databaseEnabled: false, desired: {allowTestPackages: true, app: /Users/rajbazar/demoapp-qa/..., appActivity: .activity.SplashActivity, appPackage: com.matrixx.android, autoGrantPermissions: true, automationName: UiAutomator2, avd: Pixel_3a_API_28, deviceName: Android Emulator, platformName: android}, deviceApiLevel: 28, deviceManufacturer: Google, deviceModel: Android SDK built for x86, deviceName: emulator-5554, deviceScreenDensity: 440, deviceScreenSize: 1080x2220, deviceUDID: emulator-5554, javascriptEnabled: true, locationContextEnabled: false, networkConnectionEnabled: true, pixelRatio: 2.75, platform: LINUX, platformName: Android, platformVersion: 9, statBarHeight: 66, takesScreenshot: true, viewportRect: {height: 2022, left: 0, top: 66, width: 1080}, warnings: {}, webStorageEnabled: false}\nSession ID: f6c915e1-f0fa-4238-b497-21c03d1d3797","trace":"org.openqa.selenium.StaleElementReferenceException: androidx.test.uiautomator.StaleObjectException\nFor documentation on this error, please visit: https://www.seleniumhq.org/exceptions/stale_element_reference.html\nBuild info: version: '3.141.59', revision: 'e82be7d358', time: '2018-11-14T08:17:03'\nSystem info: host: 'rajs-matrixx', ip: 'fe80:0:0:0:1453:ae30:43e:eb89%en0', os.name: 'Mac OS X', os.arch: 'x86_64', os.version: '10.15.4', java.version: '10.0.1'\nDriver info: io.appium.java_client.android.AndroidDriver\nCapabilities {allowTestPackages: true, app: /Users/rajbazar/demoapp-qa/..., appActivity: .activity.SplashActivity, appPackage: com.matrixx.android, autoGrantPermissions: true, automationName: UiAutomator2, avd: Pixel_3a_API_28, databaseEnabled: false, desired: {allowTestPackages: true, app: /Users/rajbazar/demoapp-qa/..., appActivity: .activity.SplashActivity, appPackage: com.matrixx.android, autoGrantPermissions: true, automationName: UiAutomator2, avd: Pixel_3a_API_28, deviceName: Android Emulator, platformName: android}, deviceApiLevel: 28, deviceManufacturer: Google, deviceModel: Android SDK built for x86, deviceName: emulator-5554, deviceScreenDensity: 440, deviceScreenSize: 1080x2220, deviceUDID: emulator-5554, javascriptEnabled: true, locationContextEnabled: false, networkConnectionEnabled: true, pixelRatio: 2.75, platform: LINUX, platformName: Android, platformVersion: 9, statBarHeight: 66, takesScreenshot: true, viewportRect: {height: 2022, left: 0, top: 66, width: 1080}, warnings: {}, webStorageEnabled: false}\nSession ID: f6c915e1-f0fa-4238-b497-21c03d1d3797\n\tat java.base/jdk.internal.reflect.NativeConstructorAccessorImpl.newInstance0(Native Method)\n\tat java.base/jdk.internal.reflect.NativeConstructorAccessorImpl.newInstance(NativeConstructorAccessorImpl.java:62)\n\tat java.base/jdk.internal.reflect.DelegatingConstructorAccessorImpl.newInstance(DelegatingConstructorAccessorImpl.java:45)\n\tat java.base/java.lang.reflect.Constructor.newInstance(Constructor.java:488)\n\tat org.openqa.selenium.remote.http.W3CHttpResponseCodec.createException(W3CHttpResponseCodec.java:187)\n\tat org.openqa.selenium.remote.http.W3CHttpResponseCodec.decode(W3CHttpResponseCodec.java:122)\n\tat org.openqa.selenium.remote.http.W3CHttpResponseCodec.decode(W3CHttpResponseCodec.java:49)\n\tat org.openqa.selenium.remote.HttpCommandExecutor.execute(HttpCommandExecutor.java:158)\n\tat io.appium.java_client.remote.AppiumCommandExecutor.execute(AppiumCommandExecutor.java:239)\n\tat org.openqa.selenium.remote.RemoteWebDriver.execute(RemoteWebDriver.java:552)\n\tat io.appium.java_client.DefaultGenericMobileDriver.execute(DefaultGenericMobileDriver.java:41)\n\tat io.appium.java_client.AppiumDriver.execute(AppiumDriver.java:1)\n\tat io.appium.java_client.android.AndroidDriver.execute(AndroidDriver.java:1)\n\tat org.openqa.selenium.remote.RemoteWebElement.execute(RemoteWebElement.java:285)\n\tat io.appium.java_client.DefaultGenericMobileElement.execute(DefaultGenericMobileElement.java:45)\n\tat io.appium.java_client.MobileElement.execute(MobileElement.java:1)\n\tat io.appium.java_client.android.AndroidElement.execute(AndroidElement.java:1)\n\tat org.openqa.selenium.remote.RemoteWebElement.isDisplayed(RemoteWebElement.java:326)\n\tat jdk.internal.reflect.GeneratedMethodAccessor5.invoke(Unknown Source)\n\tat java.base/jdk.internal.reflect.DelegatingMethodAccessorImpl.invoke(DelegatingMethodAccessorImpl.java:43)\n\tat java.base/java.lang.reflect.Method.invoke(Method.java:564)\n\tat io.appium.java_client.pagefactory.ElementInterceptor.getObject(ElementInterceptor.java:40)\n\tat io.appium.java_client.pagefactory.interceptors.InterceptorOfASingleElement.intercept(InterceptorOfASingleElement.java:60)\n\tat io.appium.java_client.android.AndroidElement$$EnhancerByCGLIB$$b598166c.isDisplayed(<generated>)\n\tat org.openqa.selenium.support.ui.ExpectedConditions.elementIfVisible(ExpectedConditions.java:314)\n\tat org.openqa.selenium.support.ui.ExpectedConditions.access$000(ExpectedConditions.java:43)\n\tat org.openqa.selenium.support.ui.ExpectedConditions$10.apply(ExpectedConditions.java:300)\n\tat org.openqa.selenium.support.ui.ExpectedConditions$10.apply(ExpectedConditions.java:297)\n\tat org.openqa.selenium.support.ui.ExpectedConditions$23.apply(ExpectedConditions.java:670)\n\tat org.openqa.selenium.support.ui.ExpectedConditions$23.apply(ExpectedConditions.java:666)\n\tat org.openqa.selenium.support.ui.FluentWait.until(FluentWait.java:249)\n\tat stepdefs.screens.MyPageScreen.logout(MyPageScreen.java:72)\n\tat stepdefs.LoginSteps.user_login_valid_id(LoginSteps.java:100)\n\tat java.base/jdk.internal.reflect.NativeMethodAccessorImpl.invoke0(Native Method)\n\tat java.base/jdk.internal.reflect.NativeMethodAccessorImpl.invoke(NativeMethodAccessorImpl.java:62)\n\tat java.base/jdk.internal.reflect.DelegatingMethodAccessorImpl.invoke(DelegatingMethodAccessorImpl.java:43)\n\tat java.base/java.lang.reflect.Method.invoke(Method.java:564)\n\tat io.cucumber.java.Invoker.invoke(Invoker.java:27)\n\tat io.cucumber.java.JavaStepDefinition.execute(JavaStepDefinition.java:27)\n\tat io.cucumber.core.runner.PickleStepDefinitionMatch.runStep(PickleStepDefinitionMatch.java:63)\n\tat io.cucumber.core.runner.TestStep.executeStep(TestStep.java:64)\n\tat io.cucumber.core.runner.TestStep.run(TestStep.java:49)\n\tat io.cucumber.core.runner.PickleStepTestStep.run(PickleStepTestStep.java:46)\n\tat io.cucumber.core.runner.TestCase.run(TestCase.java:51)\n\tat io.cucumber.core.runner.Runner.runPickle(Runner.java:66)\n\tat io.cucumber.testng.TestNGCucumberRunner.runScenario(TestNGCucumberRunner.java:120)\n\tat io.cucumber.testng.AbstractTestNGCucumberTests.runScenario(AbstractTestNGCucumberTests.java:29)\n\tat java.base/jdk.internal.reflect.NativeMethodAccessorImpl.invoke0(Native Method)\n\tat java.base/jdk.internal.reflect.NativeMethodAccessorImpl.invoke(NativeMethodAccessorImpl.java:62)\n\tat java.base/jdk.internal.reflect.DelegatingMethodAccessorImpl.invoke(DelegatingMethodAccessorImpl.java:43)\n\tat java.base/java.lang.reflect.Method.invoke(Method.java:564)\n\tat org.testng.internal.MethodInvocationHelper.invokeMethod(MethodInvocationHelper.java:134)\n\tat org.testng.internal.TestInvoker.invokeMethod(TestInvoker.java:597)\n\tat org.testng.internal.TestInvoker.invokeTestMethod(TestInvoker.java:173)\n\tat org.testng.internal.MethodRunner.runInSequence(MethodRunner.java:46)\n\tat org.testng.internal.TestInvoker$MethodInvocationAgent.invoke(TestInvoker.java:816)\n\tat org.testng.internal.TestInvoker.invokeTestMethods(TestInvoker.java:146)\n\tat org.testng.internal.TestMethodWorker.invokeTestMethods(TestMethodWorker.java:146)\n\tat org.testng.internal.TestMethodWorker.run(TestMethodWorker.java:128)\n\tat java.base/java.util.ArrayList.forEach(ArrayList.java:1378)\n\tat org.testng.TestRunner.privateRun(TestRunner.java:766)\n\tat org.testng.TestRunner.run(TestRunner.java:587)\n\tat org.testng.SuiteRunner.runTest(SuiteRunner.java:384)\n\tat org.testng.SuiteRunner.runSequentially(SuiteRunner.java:378)\n\tat org.testng.SuiteRunner.privateRun(SuiteRunner.java:337)\n\tat org.testng.SuiteRunner.run(SuiteRunner.java:286)\n\tat org.testng.SuiteRunnerWorker.runSuite(SuiteRunnerWorker.java:53)\n\tat org.testng.SuiteRunnerWorker.run(SuiteRunnerWorker.java:96)\n\tat org.testng.TestNG.runSuitesSequentially(TestNG.java:1187)\n\tat org.testng.TestNG.runSuitesLocally(TestNG.java:1109)\n\tat org.testng.TestNG.runSuites(TestNG.java:1039)\n\tat org.testng.TestNG.run(TestNG.java:1007)\n\tat com.intellij.rt.testng.IDEARemoteTestNG.run(IDEARemoteTestNG.java:66)\n\tat com.intellij.rt.testng.RemoteTestNGStarter.main(RemoteTestNGStarter.java:110)\n"},"stage":"finished","steps":[],"attachments":[],"parameters":[],"start":1587093317726,"stop":1587093320463}],"attachments":[],"parameters":[],"start":1587093310680,"stop":1587093320469},{"name":"Then  User reaches home screen","status":"skipped","statusDetails":{"known":false,"muted":false,"flaky":false},"stage":"finished","steps":[],"attachments":[],"parameters":[],"start":1587093320470,"stop":1587093320471}],"attachments":[],"parameters":[],"start":1587093258485,"stop":1587093323579,"uuid":"e5eeb85e-3841-45f0-b266-3022817facf3","historyId":"80193686e419b2547aad5d17ee3e0651","fullName":"Login User: Login with valid user","labels":[{"name":"tag","value":"RunTag"},{"name":"host","value":"rajs-matrixx"},{"name":"thread","value":"1230@rajs-matrixx.main(1)"},{"name":"feature","value":"Login User"},{"name":"story","value":"Login with valid user"},{"name":"suite","value":"Login User"},{"name":"testClass","value":"Login with valid user"},{"name":"framework","value":"cucumber4jvm"},{"name":"language","value":"java"},{"name":"gherkin_uri","value":"file:///Users/rajbazar/demoapp-qa/src/test/features/login.feature"},{"name":"package","value":"src.test.features.login_feature.Login User"}],"links":[]}